<?xml version="1.0" encoding="UTF-8"?>
<!-- Generated by org.testng.reporters.JUnitReportReporter -->
<testsuite skipped="0" hostname="DESKTOP-LH9224K" name="com.java.mavenjenkins1.mavenjenkins1.App" tests="1" failures="0" timestamp="2020-04-29T00:59:20 IST" time="6.829" errors="0">
  <testcase name="FirstTest" time="6.829" classname="com.java.mavenjenkins1.mavenjenkins1.App"/>
  <system-out/>
</testsuite> <!-- com.java.mavenjenkins1.mavenjenkins1.App -->
