<?xml version="1.0" encoding="UTF-8"?>
<!-- Generated by org.testng.reporters.JUnitReportReporter -->
<testsuite skipped="0" hostname="DESKTOP-LH9224K" name="com.java.mavenjenkins1.mavenjenkins1.App" tests="1" failures="0" timestamp="2020-05-10T16:56:00 IST" time="9.876" errors="0">
  <testcase name="FirstTest" time="9.876" classname="com.java.mavenjenkins1.mavenjenkins1.App"/>
  <system-out/>
</testsuite> <!-- com.java.mavenjenkins1.mavenjenkins1.App -->
