<?xml version="1.0" encoding="UTF-8"?>
<!-- Generated by org.testng.reporters.JUnitReportReporter -->
<testsuite skipped="0" hostname="DESKTOP-LH9224K" name="com.java.mavenjenkins1.mavenjenkins1.App2" tests="1" failures="0" timestamp="2020-05-10T17:17:08 IST" time="16.166" errors="0">
  <testcase name="FirstTest" time="16.166" classname="com.java.mavenjenkins1.mavenjenkins1.App2"/>
  <system-out/>
</testsuite> <!-- com.java.mavenjenkins1.mavenjenkins1.App2 -->
