<?xml version="1.0" encoding="UTF-8"?>
<!-- Generated by org.testng.reporters.JUnitReportReporter -->
<testsuite skipped="0" hostname="DESKTOP-LH9224K" name="com.java.mavenjenkins1.mavenjenkins1.App" tests="1" failures="0" timestamp="11 May 2020 18:41:25 GMT" time="15.044" errors="0">
  <testcase name="FirstTest" time="15.044" classname="com.java.mavenjenkins1.mavenjenkins1.App"/>
</testsuite> <!-- com.java.mavenjenkins1.mavenjenkins1.App -->
