<?xml version="1.0" encoding="UTF-8"?>
<!-- Generated by org.testng.reporters.JUnitReportReporter -->
<testsuite skipped="0" hostname="DESKTOP-LH9224K" name="com.java.mavenjenkins1.mavenjenkins1.App" tests="1" failures="0" timestamp="01 May 2020 19:59:12 GMT" time="8.827" errors="0">
  <testcase name="FirstTest" time="8.827" classname="com.java.mavenjenkins1.mavenjenkins1.App"/>
</testsuite> <!-- com.java.mavenjenkins1.mavenjenkins1.App -->
